#
# A fatal error has been detected by the Java Runtime Environment:
#
#  SIGSEGV (0xb) at pc=0x00007f9dd0f4234c, pid=3153, tid=140315022001920
#
# JRE version: Java(TM) SE Runtime Environment (8.0_40-b25) (build 1.8.0_40-b25)
# Java VM: Java HotSpot(TM) 64-Bit Server VM (25.40-b25 mixed mode linux-amd64 compressed oops)
# Problematic frame:
# C  [libgobject-2.0.so.0+0x3234c]  g_type_check_instance_cast+0x1c
#
# Failed to write core dump. Core dumps have been disabled. To enable core dumping, try "ulimit -c unlimited" before starting Java again
#
# If you would like to submit a bug report, please visit:
#   http://bugreport.java.com/bugreport/crash.jsp
# The crash happened outside the Java Virtual Machine in native code.
# See problematic frame for where to report the bug.
#

---------------  T H R E A D  ---------------

Current thread (0x00007f9d80054800):  JavaThread "AWT-EventQueue-0" [_thread_in_native, id=3188, stack(0x00007f9da2fb0000,0x00007f9da30b1000)]

siginfo: si_signo: 11 (SIGSEGV), si_code: 1 (SEGV_MAPERR), si_addr: 0x0000000600000000

Registers:
RAX=0x0000000600000000, RBX=0x00007f9d780318a0, RCX=0x00007f9d80055430, RDX=0x00007f9e102d0690
RSP=0x00007f9da30ad680, RBP=0x00007f9d800549f8, RSI=0x0000000000000050, RDI=0x00007f9d780318a0
R8 =0x000000000000000b, R9 =0x000000000000000c, R10=0x000000000000000c, R11=0x00007f9df9405ae0
R12=0x00007f9da30ad770, R13=0x00007f9d78000e50, R14=0x00007f9da30ad770, R15=0x00007f9d80054800
RIP=0x00007f9dd0f4234c, EFLAGS=0x0000000000010206, CSGSFS=0x0000000000000033, ERR=0x0000000000000004
  TRAPNO=0x000000000000000e

Top of Stack: (sp=0x00007f9da30ad680)
0x00007f9da30ad680:   00007f9d78009310 00007f9d800549f8
0x00007f9da30ad690:   00007f9da30ad770 00007f9dd14d70d4
0x00007f9da30ad6a0:   0000000000000000 00007f9dd18fe580
0x00007f9da30ad6b0:   00007f9da30ad740 0000000000000000
0x00007f9da30ad6c0:   00007f9dd18fe580 00007f9df901642f
0x00007f9da30ad6d0:   00007f9dd18fe580 0000000000000000
0x00007f9da30ad6e0:   00007f9da30ad740 00007f9df9016039
0x00007f9da30ad6f0:   0000000000000009 00000000e3304238
0x00007f9da30ad700:   00007f9da30ad6f0 00007f9dd18fe580
0x00007f9da30ad710:   00007f9da30ad770 00007f9dd18ff108
0x00007f9da30ad720:   0000000000000000 00007f9dd18fe580
0x00007f9da30ad730:   0000000000000000 00007f9da30ad760
0x00007f9da30ad740:   00007f9da30ad7b8 00007f9df9007c4d
0x00007f9da30ad750:   0000000000000000 00007f9df900f578
0x00007f9da30ad760:   0000000005000007 00000000e3425188
0x00007f9da30ad770:   00000000e3304238 00007f9da30ad778
0x00007f9da30ad780:   00007f9da28c0a20 00007f9da30ad7c8
0x00007f9da30ad790:   00007f9da28c1ac8 0000000000000000
0x00007f9da30ad7a0:   00007f9da28c0a38 00007f9da30ad760
0x00007f9da30ad7b0:   00007f9da30ad7c8 00007f9da30ad810
0x00007f9da30ad7c0:   00007f9df9007c4d 00000000e3425188
0x00007f9da30ad7d0:   00007f9da30ad7d0 00007f9da28bea71
0x00007f9da30ad7e0:   00007f9da30ad828 00007f9da28c1dd0
0x00007f9da30ad7f0:   0000000000000000 00007f9da28bea98
0x00007f9da30ad800:   00007f9da30ad7c8 00007f9da30ad820
0x00007f9da30ad810:   00007f9da30ad870 00007f9df9007c92
0x00007f9da30ad820:   00000000e1cba640 00000000e3425188
0x00007f9da30ad830:   00007f9da30ad830 00007f9dd190fd35
0x00007f9da30ad840:   00007f9da30ad888 00007f9dd19125c0
0x00007f9da30ad850:   0000000000000000 00007f9dd190fd48
0x00007f9da30ad860:   00007f9da30ad820 00007f9da30ad880
0x00007f9da30ad870:   00007f9da30ad8d0 00007f9df9007c92 

Instructions: (pc=0x00007f9dd0f4234c)
0x00007f9dd0f4232c:   1f 44 00 00 41 54 48 85 ff 55 53 48 89 fb 0f 84
0x00007f9dd0f4233c:   c3 00 00 00 48 8b 07 48 85 c0 0f 84 5c 02 00 00
0x00007f9dd0f4234c:   48 8b 38 48 81 ff fc 03 00 00 0f 87 b4 00 00 00
0x00007f9dd0f4235c:   48 89 fa 48 8d 05 9a e3 21 00 48 c1 ea 02 4c 8b 

Register to memory mapping:

RAX=0x0000000600000000 is an unknown value
RBX=0x00007f9d780318a0 is an unknown value
RCX=0x00007f9d80055430 is an unknown value
RDX=0x00007f9e102d0690: <offset 0xf99690> in /usr/lib/jvm/java-8-oracle/jre/lib/amd64/server/libjvm.so at 0x00007f9e0f337000
RSP=0x00007f9da30ad680 is pointing into the stack for thread: 0x00007f9d80054800
RBP=0x00007f9d800549f8 is an unknown value
RSI=0x0000000000000050 is an unknown value
RDI=0x00007f9d780318a0 is an unknown value
R8 =0x000000000000000b is an unknown value
R9 =0x000000000000000c is an unknown value
R10=0x000000000000000c is an unknown value
R11=0x00007f9df9405ae0 is at entry_point+32 in (nmethod*)0x00007f9df9405950
R12=0x00007f9da30ad770 is pointing into the stack for thread: 0x00007f9d80054800
R13=0x00007f9d78000e50 is an unknown value
R14=0x00007f9da30ad770 is pointing into the stack for thread: 0x00007f9d80054800
R15=0x00007f9d80054800 is a thread


Stack: [0x00007f9da2fb0000,0x00007f9da30b1000],  sp=0x00007f9da30ad680,  free space=1013k
Native frames: (J=compiled Java code, j=interpreted, Vv=VM code, C=native code)
C  [libgobject-2.0.so.0+0x3234c]  g_type_check_instance_cast+0x1c

Java frames: (J=compiled Java code, j=interpreted, Vv=VM code)
j  com.jarego.jayatana.basic.GlobalMenu.unregisterWatcher(J)V+0
j  com.jarego.jayatana.basic.GlobalMenuAdapter.unregisterWatcher()V+8
j  com.jarego.jayatana.swing.SwingGlobalMenuWindow.windowClosed(Ljava/awt/event/WindowEvent;)V+1
j  java.awt.AWTEventMulticaster.windowClosed(Ljava/awt/event/WindowEvent;)V+21
j  java.awt.Window.processWindowEvent(Ljava/awt/event/WindowEvent;)V+78
j  javax.swing.JFrame.processWindowEvent(Ljava/awt/event/WindowEvent;)V+2
j  java.awt.Window.processEvent(Ljava/awt/AWTEvent;)V+69
J 1617 C1 java.awt.Component.dispatchEventImpl(Ljava/awt/AWTEvent;)V (883 bytes) @ 0x00007f9df94c1624 [0x00007f9df94bc140+0x54e4]
J 1523 C1 java.awt.Container.dispatchEventImpl(Ljava/awt/AWTEvent;)V (129 bytes) @ 0x00007f9df945bba4 [0x00007f9df945ba60+0x144]
J 1644 C1 java.awt.Window.dispatchEventImpl(Ljava/awt/AWTEvent;)V (23 bytes) @ 0x00007f9df94fd384 [0x00007f9df94fcda0+0x5e4]
J 1568 C1 java.awt.EventQueue.dispatchEventImpl(Ljava/awt/AWTEvent;Ljava/lang/Object;)V (149 bytes) @ 0x00007f9df9476b24 [0x00007f9df94754c0+0x1664]
J 1678 C1 java.awt.EventQueue$3.run()Ljava/lang/Void; (60 bytes) @ 0x00007f9df95158c4 [0x00007f9df95156c0+0x204]
J 1677 C1 java.awt.EventQueue$3.run()Ljava/lang/Object; (5 bytes) @ 0x00007f9df9515f8c [0x00007f9df9515f00+0x8c]
v  ~StubRoutines::call_stub
J 1377  java.security.AccessController.doPrivileged(Ljava/security/PrivilegedAction;Ljava/security/AccessControlContext;)Ljava/lang/Object; (0 bytes) @ 0x00007f9df934f063 [0x00007f9df934f000+0x63]
J 1444 C1 java.security.ProtectionDomain$1.doIntersectionPrivilege(Ljava/security/PrivilegedAction;Ljava/security/AccessControlContext;Ljava/security/AccessControlContext;)Ljava/lang/Object; (32 bytes) @ 0x00007f9df91b107c [0x00007f9df91b0d80+0x2fc]
J 1580 C1 java.awt.EventQueue$4.run()Ljava/lang/Object; (5 bytes) @ 0x00007f9df9481994 [0x00007f9df94815a0+0x3f4]
v  ~StubRoutines::call_stub
J 1377  java.security.AccessController.doPrivileged(Ljava/security/PrivilegedAction;Ljava/security/AccessControlContext;)Ljava/lang/Object; (0 bytes) @ 0x00007f9df934f063 [0x00007f9df934f000+0x63]
J 1566 C1 java.awt.EventQueue.dispatchEvent(Ljava/awt/AWTEvent;)V (80 bytes) @ 0x00007f9df94744d4 [0x00007f9df9473820+0xcb4]
J 1571 C1 java.awt.EventDispatchThread.pumpOneEventForFilters(I)V (295 bytes) @ 0x00007f9df9479954 [0x00007f9df9477e00+0x1b54]
j  java.awt.EventDispatchThread.pumpEventsForFilter(ILjava/awt/Conditional;Ljava/awt/EventFilter;)V+35
j  java.awt.EventDispatchThread.pumpEventsForHierarchy(ILjava/awt/Conditional;Ljava/awt/Component;)V+11
j  java.awt.EventDispatchThread.pumpEvents(ILjava/awt/Conditional;)V+4
j  java.awt.EventDispatchThread.pumpEvents(Ljava/awt/Conditional;)V+3
j  java.awt.EventDispatchThread.run()V+9
v  ~StubRoutines::call_stub

---------------  P R O C E S S  ---------------

Java Threads: ( => current thread )
  0x00007f9d84025000 JavaThread "Thread-42" [_thread_blocked, id=3212, stack(0x00007f9dd35dd000,0x00007f9dd36de000)]
  0x00007f9d8400b800 JavaThread "Thread-41" [_thread_blocked, id=3211, stack(0x00007f9dd32da000,0x00007f9dd33db000)]
  0x00007f9d8400a000 JavaThread "Thread-40" [_thread_blocked, id=3210, stack(0x00007f9da33b2000,0x00007f9da34b3000)]
  0x00007f9d84009000 JavaThread "Thread-39" [_thread_blocked, id=3209, stack(0x00007f9da36b5000,0x00007f9da37b6000)]
  0x00007f9d78065000 JavaThread "Thread-37" [_thread_blocked, id=3207, stack(0x00007f9da070b000,0x00007f9da080c000)]
  0x00007f9d78056800 JavaThread "Image Fetcher 0" daemon [_thread_blocked, id=3203, stack(0x00007f9da261f000,0x00007f9da2720000)]
  0x00007f9d78044800 JavaThread "TimerQueue" daemon [_thread_blocked, id=3194, stack(0x00007f9da080c000,0x00007f9da090d000)]
=>0x00007f9d80054800 JavaThread "AWT-EventQueue-0" [_thread_in_native, id=3188, stack(0x00007f9da2fb0000,0x00007f9da30b1000)]
  0x00007f9d80053000 JavaThread "AWT-Shutdown" [_thread_blocked, id=3187, stack(0x00007f9da30b1000,0x00007f9da31b2000)]
  0x00007f9e0800a800 JavaThread "DestroyJavaVM" [_thread_blocked, id=3158, stack(0x00007f9e10dfa000,0x00007f9e10efb000)]
  0x00007f9e08405800 JavaThread "AWT-XAWT" daemon [_thread_in_native, id=3177, stack(0x00007f9dd1adc000,0x00007f9dd1bdd000)]
  0x00007f9e083eb000 JavaThread "Java2D Disposer" daemon [_thread_blocked, id=3176, stack(0x00007f9dd1fed000,0x00007f9dd20ee000)]
  0x00007f9e082b2000 JavaThread "Thread-3" [_thread_blocked, id=3174, stack(0x00007f9dd33db000,0x00007f9dd34dc000)]
  0x00007f9e082c4000 JavaThread "JICPServer-1099" daemon [_thread_in_native, id=3173, stack(0x00007f9dd34dc000,0x00007f9dd35dd000)]
  0x00007f9e081d3000 JavaThread "Service Thread" daemon [_thread_blocked, id=3170, stack(0x00007f9dd39f6000,0x00007f9dd3af7000)]
  0x00007f9e081c8000 JavaThread "C1 CompilerThread2" daemon [_thread_blocked, id=3169, stack(0x00007f9dd3af7000,0x00007f9dd3bf8000)]
  0x00007f9e081c6000 JavaThread "C2 CompilerThread1" daemon [_thread_blocked, id=3168, stack(0x00007f9dd3bf8000,0x00007f9dd3cf9000)]
  0x00007f9e081c1800 JavaThread "C2 CompilerThread0" daemon [_thread_blocked, id=3167, stack(0x00007f9dd3cf9000,0x00007f9dd3dfa000)]
  0x00007f9e0817e800 JavaThread "Signal Dispatcher" daemon [_thread_blocked, id=3166, stack(0x00007f9df0a4d000,0x00007f9df0b4e000)]
  0x00007f9e08146800 JavaThread "Finalizer" daemon [_thread_blocked, id=3165, stack(0x00007f9df80f1000,0x00007f9df81f2000)]
  0x00007f9e08144800 JavaThread "Reference Handler" daemon [_thread_blocked, id=3164, stack(0x00007f9df81f2000,0x00007f9df82f3000)]

Other Threads:
  0x00007f9e0813f800 VMThread [stack: 0x00007f9df82f3000,0x00007f9df83f4000] [id=3163]
  0x00007f9e081d5800 WatcherThread [stack: 0x00007f9dd38f5000,0x00007f9dd39f6000] [id=3171]

VM state:not at safepoint (normal execution)

VM Mutex/Monitor currently owned by a thread: None

Heap:
 PSYoungGen      total 27648K, used 12207K [0x00000000e1780000, 0x00000000e3600000, 0x0000000100000000)
  eden space 24064K, 35% used [0x00000000e1780000,0x00000000e1fef3b0,0x00000000e2f00000)
  from space 3584K, 99% used [0x00000000e3280000,0x00000000e35fc880,0x00000000e3600000)
  to   space 3584K, 0% used [0x00000000e2f00000,0x00000000e2f00000,0x00000000e3280000)
 ParOldGen       total 62976K, used 1570K [0x00000000a4600000, 0x00000000a8380000, 0x00000000e1780000)
  object space 62976K, 2% used [0x00000000a4600000,0x00000000a47889e8,0x00000000a8380000)
 Metaspace       used 20397K, capacity 20682K, committed 20864K, reserved 1067008K
  class space    used 2599K, capacity 2688K, committed 2688K, reserved 1048576K

Card table byte_map: [0x00007f9e0d6ef000,0x00007f9e0d9cd000] byte_map_base: 0x00007f9e0d1cc000

Marking Bits: (ParMarkBitMap*) 0x00007f9e102d46c0
 Begin Bits: [0x00007f9df1230000, 0x00007f9df2918000)
 End Bits:   [0x00007f9df2918000, 0x00007f9df4000000)

Polling page: 0x00007f9e10f1b000

CodeCache: size=245760Kb used=6789Kb max_used=6801Kb free=238970Kb
 bounds [0x00007f9df9000000, 0x00007f9df96b0000, 0x00007f9e08000000]
 total_blobs=2723 nmethods=2134 adapters=501
 compilation: enabled

Compilation events (10 events):
Event: 85.834 Thread 0x00007f9e081c8000 nmethod 2266 0x00007f9df96a5210 code [0x00007f9df96a53a0, 0x00007f9df96a5808]
Event: 85.834 Thread 0x00007f9e081c8000 2265       3       java.util.logging.LogManager::checkPermission (17 bytes)
Event: 85.834 Thread 0x00007f9e081c8000 nmethod 2265 0x00007f9df96a5a10 code [0x00007f9df96a5b80, 0x00007f9df96a5e48]
Event: 85.834 Thread 0x00007f9e081c8000 2268       3       java.util.logging.Logger::updateEffectiveLevel (115 bytes)
Event: 85.835 Thread 0x00007f9e081c8000 nmethod 2268 0x00007f9df96a5f50 code [0x00007f9df96a6140, 0x00007f9df96a6b68]
Event: 85.835 Thread 0x00007f9e081c8000 2267       1       java.util.concurrent.CopyOnWriteArrayList::getArray (5 bytes)
Event: 85.835 Thread 0x00007f9e081c8000 nmethod 2267 0x00007f9df96a7090 code [0x00007f9df96a71e0, 0x00007f9df96a72f0]
Event: 85.835 Thread 0x00007f9e081c8000 2269       3       java.awt.Component::setAutoFocusTransferOnDisposal (6 bytes)
Event: 85.835 Thread 0x00007f9e081c8000 nmethod 2269 0x00007f9df96a7350 code [0x00007f9df96a74a0, 0x00007f9df96a75f0]
Event: 85.836 Thread 0x00007f9e081c6000 nmethod 2264 0x00007f9df96aa350 code [0x00007f9df96aa4a0, 0x00007f9df96aa598]

GC Heap History (4 events):
Event: 1.665 GC heap before
{Heap before GC invocations=1 (full 0):
 PSYoungGen      total 27648K, used 24064K [0x00000000e1780000, 0x00000000e3600000, 0x0000000100000000)
  eden space 24064K, 100% used [0x00000000e1780000,0x00000000e2f00000,0x00000000e2f00000)
  from space 3584K, 0% used [0x00000000e3280000,0x00000000e3280000,0x00000000e3600000)
  to   space 3584K, 0% used [0x00000000e2f00000,0x00000000e2f00000,0x00000000e3280000)
 ParOldGen       total 62976K, used 0K [0x00000000a4600000, 0x00000000a8380000, 0x00000000e1780000)
  object space 62976K, 0% used [0x00000000a4600000,0x00000000a4600000,0x00000000a8380000)
 Metaspace       used 11547K, capacity 11676K, committed 11904K, reserved 1060864K
  class space    used 1330K, capacity 1402K, committed 1408K, reserved 1048576K
Event: 1.673 GC heap after
Heap after GC invocations=1 (full 0):
 PSYoungGen      total 27648K, used 3572K [0x00000000e1780000, 0x00000000e3600000, 0x0000000100000000)
  eden space 24064K, 0% used [0x00000000e1780000,0x00000000e1780000,0x00000000e2f00000)
  from space 3584K, 99% used [0x00000000e2f00000,0x00000000e327d238,0x00000000e3280000)
  to   space 3584K, 0% used [0x00000000e3280000,0x00000000e3280000,0x00000000e3600000)
 ParOldGen       total 62976K, used 686K [0x00000000a4600000, 0x00000000a8380000, 0x00000000e1780000)
  object space 62976K, 1% used [0x00000000a4600000,0x00000000a46ab998,0x00000000a8380000)
 Metaspace       used 11547K, capacity 11676K, committed 11904K, reserved 1060864K
  class space    used 1330K, capacity 1402K, committed 1408K, reserved 1048576K
}
Event: 50.595 GC heap before
{Heap before GC invocations=2 (full 0):
 PSYoungGen      total 27648K, used 27636K [0x00000000e1780000, 0x00000000e3600000, 0x0000000100000000)
  eden space 24064K, 100% used [0x00000000e1780000,0x00000000e2f00000,0x00000000e2f00000)
  from space 3584K, 99% used [0x00000000e2f00000,0x00000000e327d238,0x00000000e3280000)
  to   space 3584K, 0% used [0x00000000e3280000,0x00000000e3280000,0x00000000e3600000)
 ParOldGen       total 62976K, used 686K [0x00000000a4600000, 0x00000000a8380000, 0x00000000e1780000)
  object space 62976K, 1% used [0x00000000a4600000,0x00000000a46ab998,0x00000000a8380000)
 Metaspace       used 20018K, capacity 20260K, committed 20352K, reserved 1067008K
  class space    used 2560K, capacity 2655K, committed 2688K, reserved 1048576K
Event: 50.611 GC heap after
Heap after GC invocations=2 (full 0):
 PSYoungGen      total 27648K, used 3570K [0x00000000e1780000, 0x00000000e3600000, 0x0000000100000000)
  eden space 24064K, 0% used [0x00000000e1780000,0x00000000e1780000,0x00000000e2f00000)
  from space 3584K, 99% used [0x00000000e3280000,0x00000000e35fc880,0x00000000e3600000)
  to   space 3584K, 0% used [0x00000000e2f00000,0x00000000e2f00000,0x00000000e3280000)
 ParOldGen       total 62976K, used 1570K [0x00000000a4600000, 0x00000000a8380000, 0x00000000e1780000)
  object space 62976K, 2% used [0x00000000a4600000,0x00000000a47889e8,0x00000000a8380000)
 Metaspace       used 20018K, capacity 20260K, committed 20352K, reserved 1067008K
  class space    used 2560K, capacity 2655K, committed 2688K, reserved 1048576K
}

Deoptimization events (10 events):
Event: 39.903 Thread 0x00007f9d80054800 Uncommon trap: reason=class_check action=maybe_recompile pc=0x00007f9df9563010 method=java.awt.Container.findComponentAtImpl(IIZ)Ljava/awt/Component; @ 76
Event: 39.904 Thread 0x00007f9d80054800 Uncommon trap: reason=class_check action=maybe_recompile pc=0x00007f9df9563010 method=java.awt.Container.findComponentAtImpl(IIZ)Ljava/awt/Component; @ 76
Event: 39.914 Thread 0x00007f9d80054800 Uncommon trap: reason=class_check action=maybe_recompile pc=0x00007f9df9563010 method=java.awt.Container.findComponentAtImpl(IIZ)Ljava/awt/Component; @ 76
Event: 39.927 Thread 0x00007f9d80054800 Uncommon trap: reason=class_check action=maybe_recompile pc=0x00007f9df9563010 method=java.awt.Container.findComponentAtImpl(IIZ)Ljava/awt/Component; @ 76
Event: 40.810 Thread 0x00007f9d80054800 Uncommon trap: reason=class_check action=maybe_recompile pc=0x00007f9df957c330 method=java.awt.Container.getMouseEventTargetImpl(IIZLjava/awt/Container$EventTargetFilter;ZZ)Ljava/awt/Component; @ 64
Event: 40.810 Thread 0x00007f9d80054800 Uncommon trap: reason=unstable_if action=reinterpret pc=0x00007f9df957c0b8 method=java.awt.Container.getMouseEventTargetImpl(IIZLjava/awt/Container$EventTargetFilter;ZZ)Ljava/awt/Component; @ 151
Event: 40.896 Thread 0x00007f9d80054800 Uncommon trap: reason=class_check action=maybe_recompile pc=0x00007f9df95b4eb8 method=java.awt.Container.findComponentAtImpl(IIZ)Ljava/awt/Component; @ 216
Event: 40.907 Thread 0x00007f9d80054800 Uncommon trap: reason=class_check action=maybe_recompile pc=0x00007f9df95b4eb8 method=java.awt.Container.findComponentAtImpl(IIZ)Ljava/awt/Component; @ 216
Event: 41.594 Thread 0x00007f9d80054800 Uncommon trap: reason=unstable_if action=reinterpret pc=0x00007f9df95b741c method=java.awt.Container.findComponentAtImpl(IIZ)Ljava/awt/Component; @ 28
Event: 85.779 Thread 0x00007f9e0845e000 Uncommon trap: reason=unstable_if action=reinterpret pc=0x00007f9df93220bc method=java.util.logging.Logger.isLoggable(Ljava/util/logging/Level;)Z @ 8

Internal exceptions (10 events):
Event: 7.654 Thread 0x00007f9e08462800 Exception <a 'java/lang/ArrayIndexOutOfBoundsException': 0> (0x00000000e2a8f440) thrown at [/HUDSON/workspace/8-2-build-linux-amd64/jdk8u40/2855/hotspot/src/share/vm/interpreter/interpreterRuntime.cpp, line 366]
Event: 7.655 Thread 0x00007f9e08462800 Exception <a 'java/lang/ArrayIndexOutOfBoundsException': 0> (0x00000000e2a8f940) thrown at [/HUDSON/workspace/8-2-build-linux-amd64/jdk8u40/2855/hotspot/src/share/vm/interpreter/interpreterRuntime.cpp, line 366]
Event: 7.850 Thread 0x00007f9d80054800 Exception <a 'java/lang/UnsupportedOperationException': > (0x00000000e2b82c10) thrown at [/HUDSON/workspace/8-2-build-linux-amd64/jdk8u40/2855/hotspot/src/share/vm/prims/jni.cpp, line 735]
Event: 39.168 Thread 0x00007f9d80054800 Exception <a 'java/lang/UnsupportedOperationException': > (0x00000000e2debe00) thrown at [/HUDSON/workspace/8-2-build-linux-amd64/jdk8u40/2855/hotspot/src/share/vm/prims/jni.cpp, line 735]
Event: 83.534 Thread 0x00007f9d80054800 Exception <a 'java/lang/UnsupportedOperationException': > (0x00000000e1c91078) thrown at [/HUDSON/workspace/8-2-build-linux-amd64/jdk8u40/2855/hotspot/src/share/vm/prims/jni.cpp, line 735]
Event: 85.779 Thread 0x00007f9e0845e000 Exception <a 'java/lang/ArrayIndexOutOfBoundsException': 0> (0x00000000e1d41cd0) thrown at [/HUDSON/workspace/8-2-build-linux-amd64/jdk8u40/2855/hotspot/src/share/vm/interpreter/interpreterRuntime.cpp, line 366]
Event: 85.794 Thread 0x00007f9e08459800 Exception <a 'java/net/SocketException': Socket closed> (0x00000000e1db8868) thrown at [/HUDSON/workspace/8-2-build-linux-amd64/jdk8u40/2855/hotspot/src/share/vm/prims/jni.cpp, line 735]
Event: 85.805 Thread 0x00007f9e082e0000 Exception <a 'java/net/SocketException': Socket closed> (0x00000000e1df4b08) thrown at [/HUDSON/workspace/8-2-build-linux-amd64/jdk8u40/2855/hotspot/src/share/vm/prims/jni.cpp, line 735]
Event: 85.832 Thread 0x00007f9e08460800 Exception <a 'java/lang/InterruptedException'> (0x00000000e1fa0ab0) thrown at [/HUDSON/workspace/8-2-build-linux-amd64/jdk8u40/2855/hotspot/src/share/vm/runtime/objectMonitor.cpp, line 1683]
Event: 85.836 Thread 0x00007f9e0845e000 Exception <a 'java/lang/InterruptedException'> (0x00000000e1d5da58) thrown at [/HUDSON/workspace/8-2-build-linux-amd64/jdk8u40/2855/hotspot/src/share/vm/runtime/objectMonitor.cpp, line 1683]

Events (10 events):
Event: 85.832 Thread 0x00007f9e08413000 Thread exited: 0x00007f9e08413000
Event: 85.832 Thread 0x00007f9e08419000 Thread exited: 0x00007f9e08419000
Event: 85.833 Thread 0x00007f9e08460800 Thread exited: 0x00007f9e08460800
Event: 85.833 Thread 0x00007f9d80143800 Thread exited: 0x00007f9d80143800
Event: 85.837 Executing VM operation: BulkRevokeBias
Event: 85.837 Executing VM operation: BulkRevokeBias done
Event: 85.837 Executing VM operation: RevokeBias
Event: 85.837 Thread 0x00007f9e0845e000 Thread exited: 0x00007f9e0845e000
Event: 85.837 Executing VM operation: RevokeBias done
Event: 85.837 Thread 0x00007f9d80142800 Thread exited: 0x00007f9d80142800


Dynamic libraries:
00400000-00401000 r-xp 00000000 08:07 499069                             /usr/lib/jvm/java-8-oracle/bin/java
00600000-00601000 rw-p 00000000 08:07 499069                             /usr/lib/jvm/java-8-oracle/bin/java
0126e000-012b1000 rw-p 00000000 00:00 0                                  [heap]
a4600000-a8380000 rw-p 00000000 00:00 0 
a8380000-e1780000 ---p 00000000 00:00 0 
e1780000-e3600000 rw-p 00000000 00:00 0 
e3600000-100000000 ---p 00000000 00:00 0 
100000000-1002a0000 rw-p 00000000 00:00 0 
1002a0000-140000000 ---p 00000000 00:00 0 
7f9d74000000-7f9d74021000 rw-p 00000000 00:00 0 
7f9d74021000-7f9d78000000 ---p 00000000 00:00 0 
7f9d78000000-7f9d780d3000 rw-p 00000000 00:00 0 
7f9d780d3000-7f9d7c000000 ---p 00000000 00:00 0 
7f9d7c000000-7f9d7c02b000 rw-p 00000000 00:00 0 
7f9d7c02b000-7f9d80000000 ---p 00000000 00:00 0 
7f9d80000000-7f9d80351000 rw-p 00000000 00:00 0 
7f9d80351000-7f9d84000000 ---p 00000000 00:00 0 
7f9d84000000-7f9d84029000 rw-p 00000000 00:00 0 
7f9d84029000-7f9d88000000 ---p 00000000 00:00 0 
7f9d88000000-7f9d8804f000 rw-p 00000000 00:00 0 
7f9d8804f000-7f9d8c000000 ---p 00000000 00:00 0 
7f9d8c000000-7f9d8c021000 rw-p 00000000 00:00 0 
7f9d8c021000-7f9d90000000 ---p 00000000 00:00 0 
7f9d90000000-7f9d90021000 rw-p 00000000 00:00 0 
7f9d90021000-7f9d94000000 ---p 00000000 00:00 0 
7f9d94000000-7f9d94021000 rw-p 00000000 00:00 0 
7f9d94021000-7f9d98000000 ---p 00000000 00:00 0 
7f9d98000000-7f9d98021000 rw-p 00000000 00:00 0 
7f9d98021000-7f9d9c000000 ---p 00000000 00:00 0 
7f9d9c000000-7f9d9c021000 rw-p 00000000 00:00 0 
7f9d9c021000-7f9da0000000 ---p 00000000 00:00 0 
7f9da0105000-7f9da0108000 ---p 00000000 00:00 0 
7f9da0108000-7f9da0206000 rw-p 00000000 00:00 0 
7f9da0206000-7f9da0209000 ---p 00000000 00:00 0 
7f9da0209000-7f9da0307000 rw-p 00000000 00:00 0 
7f9da0307000-7f9da030a000 ---p 00000000 00:00 0 
7f9da030a000-7f9da0408000 rw-p 00000000 00:00 0 
7f9da0408000-7f9da040b000 ---p 00000000 00:00 0 
7f9da040b000-7f9da0509000 rw-p 00000000 00:00 0 
7f9da0509000-7f9da050c000 ---p 00000000 00:00 0 
7f9da050c000-7f9da060a000 rw-p 00000000 00:00 0 
7f9da060a000-7f9da060d000 ---p 00000000 00:00 0 
7f9da060d000-7f9da070b000 rw-p 00000000 00:00 0 
7f9da070b000-7f9da070e000 ---p 00000000 00:00 0 
7f9da070e000-7f9da080c000 rw-p 00000000 00:00 0                          [stack:3207]
7f9da080c000-7f9da080f000 ---p 00000000 00:00 0 
7f9da080f000-7f9da090d000 rw-p 00000000 00:00 0                          [stack:3194]
7f9da090d000-7f9da090e000 ---p 00000000 00:00 0 
7f9da090e000-7f9da110e000 rw-p 00000000 00:00 0                          [stack:3192]
7f9da110e000-7f9da110f000 ---p 00000000 00:00 0 
7f9da110f000-7f9da1acf000 rw-p 00000000 00:00 0                          [stack:3205]
7f9da1acf000-7f9da1b12000 ---p 00000000 00:00 0 
7f9da1b12000-7f9da2310000 rw-p 00000000 00:00 0 
7f9da2310000-7f9da234a000 r-xp 00000000 08:07 469500                     /usr/lib/jvm/java-8-oracle/jre/lib/amd64/libjpeg.so
7f9da234a000-7f9da254a000 ---p 0003a000 08:07 469500                     /usr/lib/jvm/java-8-oracle/jre/lib/amd64/libjpeg.so
7f9da254a000-7f9da254b000 rw-p 0003a000 08:07 469500                     /usr/lib/jvm/java-8-oracle/jre/lib/amd64/libjpeg.so
7f9da255c000-7f9da256f000 r--s 00000000 08:07 1545475                    /usr/share/fonts/type1/gsfonts/b018015l.pfb
7f9da256f000-7f9da2588000 r--s 00000000 08:07 1545523                    /usr/share/fonts/type1/gsfonts/n021003l.pfb
7f9da2588000-7f9da2591000 r--s 00000000 08:07 1545559                    /usr/share/fonts/type1/gsfonts/s050000l.pfb
7f9da2591000-7f9da25a2000 r--s 00000000 08:07 1545517                    /usr/share/fonts/type1/gsfonts/n019063l.pfb
7f9da25a2000-7f9da25b9000 r--s 00000000 08:07 1545529                    /usr/share/fonts/type1/gsfonts/n021023l.pfb
7f9da25b9000-7f9da25c9000 r--s 00000000 08:07 1545463                    /usr/share/fonts/type1/gsfonts/a010015l.pfb
7f9da25c9000-7f9da25da000 r--s 00000000 08:07 1545469                    /usr/share/fonts/type1/gsfonts/a010035l.pfb
7f9da25da000-7f9da25f3000 r--s 00000000 08:07 1545472                    /usr/share/fonts/type1/gsfonts/b018012l.pfb
7f9da25f3000-7f9da260d000 r--s 00000000 08:07 1545484                    /usr/share/fonts/type1/gsfonts/c059013l.pfb
7f9da261f000-7f9da2622000 ---p 00000000 00:00 0 
7f9da2622000-7f9da2920000 rw-p 00000000 00:00 0                          [stack:3203]
7f9da2920000-7f9da2989000 r-xp 00000000 08:07 469531                     /usr/lib/jvm/java-8-oracle/jre/lib/amd64/libt2k.so
7f9da2989000-7f9da2b88000 ---p 00069000 08:07 469531                     /usr/lib/jvm/java-8-oracle/jre/lib/amd64/libt2k.so
7f9da2b88000-7f9da2b8f000 rw-p 00068000 08:07 469531                     /usr/lib/jvm/java-8-oracle/jre/lib/amd64/libt2k.so
7f9da2b8f000-7f9da2b9f000 rw-p 00000000 00:00 0 
7f9da2b9f000-7f9da2bb0000 r-xp 00000000 08:07 469533                     /usr/lib/jvm/java-8-oracle/jre/lib/amd64/libnio.so
7f9da2bb0000-7f9da2daf000 ---p 00011000 08:07 469533                     /usr/lib/jvm/java-8-oracle/jre/lib/amd64/libnio.so
7f9da2daf000-7f9da2db0000 rw-p 00010000 08:07 469533                     /usr/lib/jvm/java-8-oracle/jre/lib/amd64/libnio.so
7f9da2db0000-7f9da2fb0000 rw-p 00000000 00:00 0 
7f9da2fb0000-7f9da2fb3000 ---p 00000000 00:00 0 
7f9da2fb3000-7f9da30b1000 rw-p 00000000 00:00 0                          [stack:3188]
7f9da30b1000-7f9da30b4000 ---p 00000000 00:00 0 
7f9da30b4000-7f9da33b2000 rw-p 00000000 00:00 0                          [stack:3187]
7f9da33b2000-7f9da33b5000 ---p 00000000 00:00 0 
7f9da33b5000-7f9da34b3000 rw-p 00000000 00:00 0                          [stack:3210]
7f9da34b3000-7f9da34b6000 ---p 00000000 00:00 0 
7f9da34b6000-7f9da35b4000 rw-p 00000000 00:00 0 
7f9da35b4000-7f9da35b7000 ---p 00000000 00:00 0 
7f9da35b7000-7f9da36b5000 rw-p 00000000 00:00 0 
7f9da36b5000-7f9da36b8000 ---p 00000000 00:00 0 
7f9da36b8000-7f9da37b6000 rw-p 00000000 00:00 0                          [stack:3209]
7f9da37b6000-7f9da37b9000 ---p 00000000 00:00 0 
7f9da37b9000-7f9da38b7000 rw-p 00000000 00:00 0 
7f9da38b7000-7f9da38ba000 ---p 00000000 00:00 0 
7f9da38ba000-7f9da39b8000 rw-p 00000000 00:00 0 
7f9da39b8000-7f9da39bb000 ---p 00000000 00:00 0 
7f9da39bb000-7f9da3ab9000 rw-p 00000000 00:00 0 
7f9da3ab9000-7f9da3abc000 ---p 00000000 00:00 0 
7f9da3abc000-7f9da3bba000 rw-p 00000000 00:00 0 
7f9da3bba000-7f9da3bf7000 r-xp 00000000 08:07 174548                     /lib/x86_64-linux-gnu/libpcre.so.3.13.1
7f9da3bf7000-7f9da3df6000 ---p 0003d000 08:07 174548                     /lib/x86_64-linux-gnu/libpcre.so.3.13.1
7f9da3df6000-7f9da3df7000 r--p 0003c000 08:07 174548                     /lib/x86_64-linux-gnu/libpcre.so.3.13.1
7f9da3df7000-7f9da3df8000 rw-p 0003d000 08:07 174548                     /lib/x86_64-linux-gnu/libpcre.so.3.13.1
7f9da3df8000-7f9da3dff000 r-xp 00000000 08:07 1450680                    /usr/lib/x86_64-linux-gnu/libffi.so.6.0.1
7f9da3dff000-7f9da3ffe000 ---p 00007000 08:07 1450680                    /usr/lib/x86_64-linux-gnu/libffi.so.6.0.1
7f9da3ffe000-7f9da3fff000 r--p 00006000 08:07 1450680                    /usr/lib/x86_64-linux-gnu/libffi.so.6.0.1
7f9da3fff000-7f9da4000000 rw-p 00007000 08:07 1450680                    /usr/lib/x86_64-linux-gnu/libffi.so.6.0.1
7f9da4000000-7f9da4021000 rw-p 00000000 00:00 0 
7f9da4021000-7f9da8000000 ---p 00000000 00:00 0 
7f9da8000000-7f9da804f000 rw-p 00000000 00:00 0 
7f9da804f000-7f9dac000000 ---p 00000000 00:00 0 
7f9dac000000-7f9dac021000 rw-p 00000000 00:00 0 
7f9dac021000-7f9db0000000 ---p 00000000 00:00 0 
7f9db0000000-7f9db0021000 rw-p 00000000 00:00 0 
7f9db0021000-7f9db4000000 ---p 00000000 00:00 0 
7f9db4000000-7f9db4021000 rw-p 00000000 00:00 0 
7f9db4021000-7f9db8000000 ---p 00000000 00:00 0 
7f9db8000000-7f9db8021000 rw-p 00000000 00:00 0 
7f9db8021000-7f9dbc000000 ---p 00000000 00:00 0 
7f9dbc000000-7f9dbc021000 rw-p 00000000 00:00 0 
7f9dbc021000-7f9dc0000000 ---p 00000000 00:00 0 
7f9dc0000000-7f9dc0021000 rw-p 00000000 00:00 0 
7f9dc0021000-7f9dc4000000 ---p 00000000 00:00 0 
7f9dc4000000-7f9dc427e000 rw-p 00000000 00:00 0 
7f9dc427e000-7f9dc8000000 ---p 00000000 00:00 0 
7f9dc8000000-7f9dc87ab000 rw-p 00000000 00:00 0 
7f9dc87ab000-7f9dcc000000 ---p 00000000 00:00 0 
7f9dcc000000-7f9dccb68000 rw-p 00000000 00:00 0 
7f9dccb68000-7f9dd0000000 ---p 00000000 00:00 0 
7f9dd0003000-7f9dd000c000 r--s 00000000 08:07 1539279                    /usr/share/fonts/X11/Type1/c0632bt_.pfb
7f9dd000c000-7f9dd0025000 r--s 00000000 08:07 1545526                    /usr/share/fonts/type1/gsfonts/n021004l.pfb
7f9dd0025000-7f9dd002f000 r--s 00000000 08:07 1539271                    /usr/share/fonts/X11/Type1/c0419bt_.pfb
7f9dd002f000-7f9dd0038000 r--s 00000000 08:07 1539285                    /usr/share/fonts/X11/Type1/c0649bt_.pfb
7f9dd0038000-7f9dd0053000 r--s 00000000 08:07 1545547                    /usr/share/fonts/type1/gsfonts/p052003l.pfb
7f9dd0053000-7f9dd005d000 r--s 00000000 08:07 1545565                    /usr/share/fonts/type1/mathml/Symbol.pfb
7f9dd005d000-7f9dd0075000 r--s 00000000 08:07 1545535                    /usr/share/fonts/type1/gsfonts/n022003l.pfb
7f9dd0075000-7f9dd0091000 r--s 00000000 08:07 1545556                    /usr/share/fonts/type1/gsfonts/p052024l.pfb
7f9dd0091000-7f9dd0094000 ---p 00000000 00:00 0 
7f9dd0094000-7f9dd0192000 rw-p 00000000 00:00 0 
7f9dd0192000-7f9dd01a9000 r-xp 00000000 08:07 172698                     /lib/x86_64-linux-gnu/libresolv-2.19.so
7f9dd01a9000-7f9dd03a9000 ---p 00017000 08:07 172698                     /lib/x86_64-linux-gnu/libresolv-2.19.so
7f9dd03a9000-7f9dd03aa000 r--p 00017000 08:07 172698                     /lib/x86_64-linux-gnu/libresolv-2.19.so
7f9dd03aa000-7f9dd03ab000 rw-p 00018000 08:07 172698                     /lib/x86_64-linux-gnu/libresolv-2.19.so
7f9dd03ab000-7f9dd03ad000 rw-p 00000000 00:00 0 
7f9dd03ad000-7f9dd03cd000 r-xp 00000000 08:07 171725                     /lib/x86_64-linux-gnu/libselinux.so.1
7f9dd03cd000-7f9dd05cc000 ---p 00020000 08:07 171725                     /lib/x86_64-linux-gnu/libselinux.so.1
7f9dd05cc000-7f9dd05cd000 r--p 0001f000 08:07 171725                     /lib/x86_64-linux-gnu/libselinux.so.1
7f9dd05cd000-7f9dd05ce000 rw-p 00020000 08:07 171725                     /lib/x86_64-linux-gnu/libselinux.so.1
7f9dd05ce000-7f9dd05d0000 rw-p 00000000 00:00 0 
7f9dd05d0000-7f9dd05e8000 r-xp 00000000 08:07 174608                     /lib/x86_64-linux-gnu/libz.so.1.2.8
7f9dd05e8000-7f9dd07e7000 ---p 00018000 08:07 174608                     /lib/x86_64-linux-gnu/libz.so.1.2.8
7f9dd07e7000-7f9dd07e8000 r--p 00017000 08:07 174608                     /lib/x86_64-linux-gnu/libz.so.1.2.8
7f9dd07e8000-7f9dd07e9000 rw-p 00018000 08:07 174608                     /lib/x86_64-linux-gnu/libz.so.1.2.8
7f9dd07e9000-7f9dd07ec000 r-xp 00000000 08:07 1449420                    /usr/lib/x86_64-linux-gnu/libgmodule-2.0.so.0.4002.0
7f9dd07ec000-7f9dd09eb000 ---p 00003000 08:07 1449420                    /usr/lib/x86_64-linux-gnu/libgmodule-2.0.so.0.4002.0
7f9dd09eb000-7f9dd09ec000 r--p 00002000 08:07 1449420                    /usr/lib/x86_64-linux-gnu/libgmodule-2.0.so.0.4002.0
7f9dd09ec000-7f9dd09ed000 rw-p 00003000 08:07 1449420                    /usr/lib/x86_64-linux-gnu/libgmodule-2.0.so.0.4002.0
7f9dd09ed000-7f9dd0a07000 r-xp 00000000 08:07 1447180                    /usr/lib/x86_64-linux-gnu/libdbusmenu-glib.so.4.0.12
7f9dd0a07000-7f9dd0c06000 ---p 0001a000 08:07 1447180                    /usr/lib/x86_64-linux-gnu/libdbusmenu-glib.so.4.0.12
7f9dd0c06000-7f9dd0c07000 r--p 00019000 08:07 1447180                    /usr/lib/x86_64-linux-gnu/libdbusmenu-glib.so.4.0.12
7f9dd0c07000-7f9dd0c08000 rw-p 0001a000 08:07 1447180                    /usr/lib/x86_64-linux-gnu/libdbusmenu-glib.so.4.0.12
7f9dd0c08000-7f9dd0d0e000 r-xp 00000000 08:07 173128                     /lib/x86_64-linux-gnu/libglib-2.0.so.0.4002.0
7f9dd0d0e000-7f9dd0f0d000 ---p 00106000 08:07 173128                     /lib/x86_64-linux-gnu/libglib-2.0.so.0.4002.0
7f9dd0f0d000-7f9dd0f0e000 r--p 00105000 08:07 173128                     /lib/x86_64-linux-gnu/libglib-2.0.so.0.4002.0
7f9dd0f0e000-7f9dd0f0f000 rw-p 00106000 08:07 173128                     /lib/x86_64-linux-gnu/libglib-2.0.so.0.4002.0
7f9dd0f0f000-7f9dd0f10000 rw-p 00000000 00:00 0 
7f9dd0f10000-7f9dd0f5f000 r-xp 00000000 08:07 1450004                    /usr/lib/x86_64-linux-gnu/libgobject-2.0.so.0.4002.0
7f9dd0f5f000-7f9dd115f000 ---p 0004f000 08:07 1450004                    /usr/lib/x86_64-linux-gnu/libgobject-2.0.so.0.4002.0
7f9dd115f000-7f9dd1160000 r--p 0004f000 08:07 1450004                    /usr/lib/x86_64-linux-gnu/libgobject-2.0.so.0.4002.0
7f9dd1160000-7f9dd1161000 rw-p 00050000 08:07 1450004                    /usr/lib/x86_64-linux-gnu/libgobject-2.0.so.0.4002.0
7f9dd1161000-7f9dd12cd000 r-xp 00000000 08:07 1450009                    /usr/lib/x86_64-linux-gnu/libgio-2.0.so.0.4002.0
7f9dd12cd000-7f9dd14cc000 ---p 0016c000 08:07 1450009                    /usr/lib/x86_64-linux-gnu/libgio-2.0.so.0.4002.0
7f9dd14cc000-7f9dd14d0000 r--p 0016b000 08:07 1450009                    /usr/lib/x86_64-linux-gnu/libgio-2.0.so.0.4002.0
7f9dd14d0000-7f9dd14d2000 rw-p 0016f000 08:07 1450009                    /usr/lib/x86_64-linux-gnu/libgio-2.0.so.0.4002.0
7f9dd14d2000-7f9dd14d4000 rw-p 00000000 00:00 0 
7f9dd14d4000-7f9dd14d9000 r-xp 00000000 08:07 1523561                    /usr/lib/jayatana/libjayatana.so
7f9dd14d9000-7f9dd16d9000 ---p 00005000 08:07 1523561                    /usr/lib/jayatana/libjayatana.so
7f9dd16d9000-7f9dd16da000 r--p 00005000 08:07 1523561                    /usr/lib/jayatana/libjayatana.so
7f9dd16da000-7f9dd16db000 rw-p 00006000 08:07 1523561                    /usr/lib/jayatana/libjayatana.so
7f9dd16db000-7f9dd16dc000 r-xp 00000000 08:07 469494                     /usr/lib/jvm/java-8-oracle/jre/lib/amd64/libjawt.so
7f9dd16dc000-7f9dd18db000 ---p 00001000 08:07 469494                     /usr/lib/jvm/java-8-oracle/jre/lib/amd64/libjawt.so
7f9dd18db000-7f9dd18dc000 rw-p 00000000 08:07 469494                     /usr/lib/jvm/java-8-oracle/jre/lib/amd64/libjawt.so
7f9dd18dc000-7f9dd1adc000 rw-p 00000000 00:00 0 
7f9dd1adc000-7f9dd1adf000 ---p 00000000 00:00 0 
7f9dd1adf000-7f9dd1bdd000 rw-p 00000000 00:00 0                          [stack:3177]
7f9dd1bdd000-7f9dd1be2000 r-xp 00000000 08:07 1450417                    /usr/lib/x86_64-linux-gnu/libXfixes.so.3.1.0
7f9dd1be2000-7f9dd1de1000 ---p 00005000 08:07 1450417                    /usr/lib/x86_64-linux-gnu/libXfixes.so.3.1.0
7f9dd1de1000-7f9dd1de2000 r--p 00004000 08:07 1450417                    /usr/lib/x86_64-linux-gnu/libXfixes.so.3.1.0
7f9dd1de2000-7f9dd1de3000 rw-p 00005000 08:07 1450417                    /usr/lib/x86_64-linux-gnu/libXfixes.so.3.1.0
7f9dd1de3000-7f9dd1dec000 r-xp 00000000 08:07 1450409                    /usr/lib/x86_64-linux-gnu/libXcursor.so.1.0.2
7f9dd1dec000-7f9dd1feb000 ---p 00009000 08:07 1450409                    /usr/lib/x86_64-linux-gnu/libXcursor.so.1.0.2
7f9dd1feb000-7f9dd1fec000 r--p 00008000 08:07 1450409                    /usr/lib/x86_64-linux-gnu/libXcursor.so.1.0.2
7f9dd1fec000-7f9dd1fed000 rw-p 00009000 08:07 1450409                    /usr/lib/x86_64-linux-gnu/libXcursor.so.1.0.2
7f9dd1fed000-7f9dd1ff0000 ---p 00000000 00:00 0 
7f9dd1ff0000-7f9dd20ee000 rw-p 00000000 00:00 0                          [stack:3176]
7f9dd20ee000-7f9dd2104000 r-xp 00000000 08:07 174422                     /lib/x86_64-linux-gnu/libgcc_s.so.1
7f9dd2104000-7f9dd2303000 ---p 00016000 08:07 174422                     /lib/x86_64-linux-gnu/libgcc_s.so.1
7f9dd2303000-7f9dd2304000 rw-p 00015000 08:07 174422                     /lib/x86_64-linux-gnu/libgcc_s.so.1
7f9dd2304000-7f9dd2369000 r-xp 00000000 08:07 469529                     /usr/lib/jvm/java-8-oracle/jre/lib/amd64/libfontmanager.so
7f9dd2369000-7f9dd2568000 ---p 00065000 08:07 469529                     /usr/lib/jvm/java-8-oracle/jre/lib/amd64/libfontmanager.so
7f9dd2568000-7f9dd256c000 rw-p 00064000 08:07 469529                     /usr/lib/jvm/java-8-oracle/jre/lib/amd64/libfontmanager.so
7f9dd256c000-7f9dd257d000 rw-p 00000000 00:00 0 
7f9dd257d000-7f9dd258c000 r-xp 00000000 08:07 1450423                    /usr/lib/x86_64-linux-gnu/libXi.so.6.1.0
7f9dd258c000-7f9dd278b000 ---p 0000f000 08:07 1450423                    /usr/lib/x86_64-linux-gnu/libXi.so.6.1.0
7f9dd278b000-7f9dd278c000 r--p 0000e000 08:07 1450423                    /usr/lib/x86_64-linux-gnu/libXi.so.6.1.0
7f9dd278c000-7f9dd278d000 rw-p 0000f000 08:07 1450423                    /usr/lib/x86_64-linux-gnu/libXi.so.6.1.0
7f9dd278d000-7f9dd2792000 r-xp 00000000 08:07 1450443                    /usr/lib/x86_64-linux-gnu/libXtst.so.6.1.0
7f9dd2792000-7f9dd2991000 ---p 00005000 08:07 1450443                    /usr/lib/x86_64-linux-gnu/libXtst.so.6.1.0
7f9dd2991000-7f9dd2992000 r--p 00004000 08:07 1450443                    /usr/lib/x86_64-linux-gnu/libXtst.so.6.1.0
7f9dd2992000-7f9dd2993000 rw-p 00005000 08:07 1450443                    /usr/lib/x86_64-linux-gnu/libXtst.so.6.1.0
7f9dd2993000-7f9dd299c000 r-xp 00000000 08:07 1450437                    /usr/lib/x86_64-linux-gnu/libXrender.so.1.3.0
7f9dd299c000-7f9dd2b9b000 ---p 00009000 08:07 1450437                    /usr/lib/x86_64-linux-gnu/libXrender.so.1.3.0
7f9dd2b9b000-7f9dd2b9c000 r--p 00008000 08:07 1450437                    /usr/lib/x86_64-linux-gnu/libXrender.so.1.3.0
7f9dd2b9c000-7f9dd2b9d000 rw-p 00009000 08:07 1450437                    /usr/lib/x86_64-linux-gnu/libXrender.so.1.3.0
7f9dd2b9d000-7f9dd2bae000 r-xp 00000000 08:07 1450415                    /usr/lib/x86_64-linux-gnu/libXext.so.6.4.0
7f9dd2bae000-7f9dd2dad000 ---p 00011000 08:07 1450415                    /usr/lib/x86_64-linux-gnu/libXext.so.6.4.0
7f9dd2dad000-7f9dd2dae000 r--p 00010000 08:07 1450415                    /usr/lib/x86_64-linux-gnu/libXext.so.6.4.0
7f9dd2dae000-7f9dd2daf000 rw-p 00011000 08:07 1450415                    /usr/lib/x86_64-linux-gnu/libXext.so.6.4.0
7f9dd2daf000-7f9dd2e03000 r-xp 00000000 08:07 469518                     /usr/lib/jvm/java-8-oracle/jre/lib/amd64/libawt_xawt.so
7f9dd2e03000-7f9dd3003000 ---p 00054000 08:07 469518                     /usr/lib/jvm/java-8-oracle/jre/lib/amd64/libawt_xawt.so
7f9dd3003000-7f9dd3007000 rw-p 00054000 08:07 469518                     /usr/lib/jvm/java-8-oracle/jre/lib/amd64/libawt_xawt.so
7f9dd3007000-7f9dd3008000 rw-p 00000000 00:00 0 
7f9dd3008000-7f9dd30aa000 r-xp 00000000 08:07 469534                     /usr/lib/jvm/java-8-oracle/jre/lib/amd64/libawt.so
7f9dd30aa000-7f9dd32aa000 ---p 000a2000 08:07 469534                     /usr/lib/jvm/java-8-oracle/jre/lib/amd64/libawt.so
7f9dd32aa000-7f9dd32b6000 rw-p 000a2000 08:07 469534                     /usr/lib/jvm/java-8-oracle/jre/lib/amd64/libawt.so
7f9dd32b6000-7f9dd32da000 rw-p 00000000 00:00 0 
7f9dd32da000-7f9dd32dd000 ---p 00000000 00:00 0 
7f9dd32dd000-7f9dd33db000 rw-p 00000000 00:00 0                          [stack:3211]
7f9dd33db000-7f9dd33de000 ---p 00000000 00:00 0 
7f9dd33de000-7f9dd34dc000 rw-p 00000000 00:00 0                          [stack:3174]
7f9dd34dc000-7f9dd34df000 ---p 00000000 00:00 0 
7f9dd34df000-7f9dd35dd000 rw-p 00000000 00:00 0                          [stack:3173]
7f9dd35dd000-7f9dd35e0000 ---p 00000000 00:00 0 
7f9dd35e0000-7f9dd36de000 rw-p 00000000 00:00 0                          [stack:3212]
7f9dd36de000-7f9dd36f4000 r-xp 00000000 08:07 469507                     /usr/lib/jvm/java-8-oracle/jre/lib/amd64/libnet.so
7f9dd36f4000-7f9dd38f4000 ---p 00016000 08:07 469507                     /usr/lib/jvm/java-8-oracle/jre/lib/amd64/libnet.so
7f9dd38f4000-7f9dd38f5000 rw-p 00016000 08:07 469507                     /usr/lib/jvm/java-8-oracle/jre/lib/amd64/libnet.so
7f9dd38f5000-7f9dd38f6000 ---p 00000000 00:00 0 
7f9dd38f6000-7f9dd39f6000 rw-p 00000000 00:00 0                          [stack:3171]
7f9dd39f6000-7f9dd39f9000 ---p 00000000 00:00 0 
7f9dd39f9000-7f9dd3af7000 rw-p 00000000 00:00 0                          [stack:3170]
7f9dd3af7000-7f9dd3afa000 ---p 00000000 00:00 0 
7f9dd3afa000-7f9dd3bf8000 rw-p 00000000 00:00 0                          [stack:3169]
7f9dd3bf8000-7f9dd3bfb000 ---p 00000000 00:00 0 
7f9dd3bfb000-7f9dd3cf9000 rw-p 00000000 00:00 0                          [stack:3168]
7f9dd3cf9000-7f9dd3cfc000 ---p 00000000 00:00 0 
7f9dd3cfc000-7f9dd3dfa000 rw-p 00000000 00:00 0                          [stack:3167]
7f9dd3dfa000-7f9dd3dff000 r-xp 00000000 08:07 1450413                    /usr/lib/x86_64-linux-gnu/libXdmcp.so.6.0.0
7f9dd3dff000-7f9dd3ffe000 ---p 00005000 08:07 1450413                    /usr/lib/x86_64-linux-gnu/libXdmcp.so.6.0.0
7f9dd3ffe000-7f9dd3fff000 r--p 00004000 08:07 1450413                    /usr/lib/x86_64-linux-gnu/libXdmcp.so.6.0.0
7f9dd3fff000-7f9dd4000000 rw-p 00005000 08:07 1450413                    /usr/lib/x86_64-linux-gnu/libXdmcp.so.6.0.0
7f9dd4000000-7f9dd4021000 rw-p 00000000 00:00 0 
7f9dd4021000-7f9dd8000000 ---p 00000000 00:00 0 
7f9dd8000000-7f9dd8021000 rw-p 00000000 00:00 0 
7f9dd8021000-7f9ddc000000 ---p 00000000 00:00 0 
7f9ddc000000-7f9ddc049000 rw-p 00000000 00:00 0 
7f9ddc049000-7f9de0000000 ---p 00000000 00:00 0 
7f9de0000000-7f9de0021000 rw-p 00000000 00:00 0 
7f9de0021000-7f9de4000000 ---p 00000000 00:00 0 
7f9de4000000-7f9de4021000 rw-p 00000000 00:00 0 
7f9de4021000-7f9de8000000 ---p 00000000 00:00 0 
7f9de8000000-7f9de8021000 rw-p 00000000 00:00 0 
7f9de8021000-7f9dec000000 ---p 00000000 00:00 0 
7f9dec000000-7f9dec021000 rw-p 00000000 00:00 0 
7f9dec021000-7f9df0000000 ---p 00000000 00:00 0 
7f9df0001000-7f9df0015000 r--s 00000000 08:07 1545499                    /usr/share/fonts/type1/gsfonts/n019003l.pfb
7f9df0015000-7f9df002d000 r--s 00000000 08:07 1545490                    /usr/share/fonts/type1/gsfonts/c059033l.pfb
7f9df002d000-7f9df003f000 r--s 00000000 08:07 1545481                    /usr/share/fonts/type1/gsfonts/b018035l.pfb
7f9df003f000-7f9df0056000 r--s 00000000 08:07 1545562                    /usr/share/fonts/type1/gsfonts/z003034l.pfb
7f9df0056000-7f9df0060000 r--s 00000000 08:07 1539273                    /usr/share/fonts/X11/Type1/c0582bt_.pfb
7f9df0072000-7f9df007c000 r--s 00000000 08:07 1539277                    /usr/share/fonts/X11/Type1/c0611bt_.pfb
7f9df008d000-7f9df00a5000 r--s 00000000 08:07 1545493                    /usr/share/fonts/type1/gsfonts/c059036l.pfb
7f9df00a5000-7f9df00b5000 r--s 00000000 08:07 1545466                    /usr/share/fonts/type1/gsfonts/a010033l.pfb
7f9df00b5000-7f9df00cb000 r--s 00000000 08:07 1545532                    /usr/share/fonts/type1/gsfonts/n021024l.pfb
7f9df00cb000-7f9df00d7000 r--s 00000000 08:07 1545496                    /usr/share/fonts/type1/gsfonts/d050000l.pfb
7f9df00d7000-7f9df00f2000 r--s 00000000 08:07 1545487                    /usr/share/fonts/type1/gsfonts/c059016l.pfb
7f9df00f2000-7f9df00f4000 r-xp 00000000 08:07 1450402                    /usr/lib/x86_64-linux-gnu/libXau.so.6.0.0
7f9df00f4000-7f9df02f4000 ---p 00002000 08:07 1450402                    /usr/lib/x86_64-linux-gnu/libXau.so.6.0.0
7f9df02f4000-7f9df02f5000 r--p 00002000 08:07 1450402                    /usr/lib/x86_64-linux-gnu/libXau.so.6.0.0
7f9df02f5000-7f9df02f6000 rw-p 00003000 08:07 1450402                    /usr/lib/x86_64-linux-gnu/libXau.so.6.0.0
7f9df02f6000-7f9df0313000 r-xp 00000000 08:07 1451470                    /usr/lib/x86_64-linux-gnu/libxcb.so.1.1.0
7f9df0313000-7f9df0513000 ---p 0001d000 08:07 1451470                    /usr/lib/x86_64-linux-gnu/libxcb.so.1.1.0
7f9df0513000-7f9df0514000 r--p 0001d000 08:07 1451470                    /usr/lib/x86_64-linux-gnu/libxcb.so.1.1.0
7f9df0514000-7f9df0515000 rw-p 0001e000 08:07 1451470                    /usr/lib/x86_64-linux-gnu/libxcb.so.1.1.0
7f9df0515000-7f9df0645000 r-xp 00000000 08:07 1450398                    /usr/lib/x86_64-linux-gnu/libX11.so.6.3.0
7f9df0645000-7f9df0845000 ---p 00130000 08:07 1450398                    /usr/lib/x86_64-linux-gnu/libX11.so.6.3.0
7f9df0845000-7f9df0846000 r--p 00130000 08:07 1450398                    /usr/lib/x86_64-linux-gnu/libX11.so.6.3.0
7f9df0846000-7f9df084a000 rw-p 00131000 08:07 1450398                    /usr/lib/x86_64-linux-gnu/libX11.so.6.3.0
7f9df084a000-7f9df084b000 r-xp 00000000 08:07 1523562                    /usr/lib/jayatana/libjayatanaag.so
7f9df084b000-7f9df0a4b000 ---p 00001000 08:07 1523562                    /usr/lib/jayatana/libjayatanaag.so
7f9df0a4b000-7f9df0a4c000 r--p 00001000 08:07 1523562                    /usr/lib/jayatana/libjayatanaag.so
7f9df0a4c000-7f9df0a4d000 rw-p 00002000 08:07 1523562                    /usr/lib/jayatana/libjayatanaag.so
7f9df0a4d000-7f9df0a50000 ---p 00000000 00:00 0 
7f9df0a50000-7f9df0b4e000 rw-p 00000000 00:00 0                          [stack:3166]
7f9df0b4e000-7f9df1230000 r--p 00000000 08:07 1449517                    /usr/lib/locale/locale-archive
7f9df1230000-7f9df4000000 rw-p 00000000 00:00 0 
7f9df4000000-7f9df4021000 rw-p 00000000 00:00 0 
7f9df4021000-7f9df8000000 ---p 00000000 00:00 0 
7f9df8002000-7f9df8006000 rw-s 00000000 00:04 3964947                    /SYSV00000000 (deleted)
7f9df8006000-7f9df8021000 r--s 00000000 08:07 1545553                    /usr/share/fonts/type1/gsfonts/p052023l.pfb
7f9df8021000-7f9df8036000 r--s 00000000 08:07 1545478                    /usr/share/fonts/type1/gsfonts/b018032l.pfb
7f9df8036000-7f9df804c000 r--s 00000000 08:07 1545544                    /usr/share/fonts/type1/gsfonts/n022024l.pfb
7f9df804c000-7f9df8065000 r--s 00000000 08:07 1545538                    /usr/share/fonts/type1/gsfonts/n022004l.pfb
7f9df8065000-7f9df8075000 r--s 00000000 08:07 1545460                    /usr/share/fonts/type1/gsfonts/a010013l.pfb
7f9df8075000-7f9df808b000 r--s 00000000 08:07 1545541                    /usr/share/fonts/type1/gsfonts/n022023l.pfb
7f9df808b000-7f9df8095000 r--s 00000000 08:07 1539275                    /usr/share/fonts/X11/Type1/c0583bt_.pfb
7f9df8095000-7f9df809e000 r--s 00000000 08:07 1539281                    /usr/share/fonts/X11/Type1/c0633bt_.pfb
7f9df809e000-7f9df80b9000 r--s 00000000 08:07 1545550                    /usr/share/fonts/type1/gsfonts/p052004l.pfb
7f9df80b9000-7f9df80cc000 r--s 00000000 08:07 1545520                    /usr/share/fonts/type1/gsfonts/n019064l.pfb
7f9df80cc000-7f9df80de000 r--s 00000000 08:07 1545502                    /usr/share/fonts/type1/gsfonts/n019004l.pfb
7f9df80de000-7f9df80f1000 r--s 00344000 08:07 469480                     /usr/lib/jvm/java-8-oracle/jre/lib/resources.jar
7f9df80f1000-7f9df80f4000 ---p 00000000 00:00 0 
7f9df80f4000-7f9df81f2000 rw-p 00000000 00:00 0                          [stack:3165]
7f9df81f2000-7f9df81f5000 ---p 00000000 00:00 0 
7f9df81f5000-7f9df82f3000 rw-p 00000000 00:00 0                          [stack:3164]
7f9df82f3000-7f9df82f4000 ---p 00000000 00:00 0 
7f9df82f4000-7f9df9000000 rw-p 00000000 00:00 0                          [stack:3163]
7f9df9000000-7f9df96b0000 rwxp 00000000 00:00 0 
7f9df96b0000-7f9e08000000 ---p 00000000 00:00 0 
7f9e08000000-7f9e08509000 rw-p 00000000 00:00 0 
7f9e08509000-7f9e0c000000 ---p 00000000 00:00 0 
7f9e0c002000-7f9e0c00b000 r--s 00000000 08:07 1539283                    /usr/share/fonts/X11/Type1/c0648bt_.pfb
7f9e0c00b000-7f9e0c00c000 r--s 00000000 08:07 573884                     /var/cache/fontconfig/c05880de57d1f5e948fdfacc138775d9-le64.cache-4
7f9e0c00c000-7f9e0c017000 r--s 00000000 08:07 573882                     /var/cache/fontconfig/945677eb7aeaf62f1d50efc3fb3ec7d8-le64.cache-4
7f9e0c017000-7f9e0c01d000 r--s 00000000 08:07 573874                     /var/cache/fontconfig/2cd17615ca594fa2959ae173292e504c-le64.cache-4
7f9e0c01d000-7f9e0c01e000 r--s 00000000 08:07 573863                     /var/cache/fontconfig/e7071f4a29fa870f4323321c154eba04-le64.cache-4
7f9e0c01e000-7f9e0c01f000 r--s 00000000 08:07 573862                     /var/cache/fontconfig/0d8c3b2ac0904cb8a57a757ad11a4a08-le64.cache-4
7f9e0c01f000-7f9e0c026000 r--s 00000000 08:07 573861                     /var/cache/fontconfig/a755afe4a08bf5b97852ceb7400b47bc-le64.cache-4
7f9e0c026000-7f9e0c02a000 r--s 00000000 08:07 579366                     /var/cache/fontconfig/6d41288fd70b0be22e8c3a91e032eec0-le64.cache-4
7f9e0c02a000-7f9e0c03e000 r--s 00000000 08:07 573859                     /var/cache/fontconfig/04aabc0a78ac019cf9454389977116d2-le64.cache-4
7f9e0c03e000-7f9e0c03f000 r--s 00000000 08:07 573855                     /var/cache/fontconfig/1ac9eb803944fde146138c791f5cc56a-le64.cache-4
7f9e0c03f000-7f9e0c043000 r--s 00000000 08:07 573853                     /var/cache/fontconfig/385c0604a188198f04d133e54aba7fe7-le64.cache-4
7f9e0c043000-7f9e0c044000 r--s 00000000 08:07 573852                     /var/cache/fontconfig/dc05db6664285cc2f12bf69c139ae4c3-le64.cache-4
7f9e0c044000-7f9e0c046000 r--s 00000000 08:07 573830                     /var/cache/fontconfig/767a8244fc0220cfb567a839d0392e0b-le64.cache-4
7f9e0c046000-7f9e0c047000 r--s 00000000 08:07 575046                     /var/cache/fontconfig/4794a0821666d79190d59a36cb4f44b5-le64.cache-4
7f9e0c047000-7f9e0c04c000 r--s 00000000 08:07 573831                     /var/cache/fontconfig/8801497958630a81b71ace7c5f9b32a8-le64.cache-4
7f9e0c04c000-7f9e0c050000 r--s 00000000 08:07 578407                     /var/cache/fontconfig/c57959a16110560c8d0fcea73374aeeb-le64.cache-4
7f9e0c050000-7f9e0c057000 r--s 00000000 08:07 573829                     /var/cache/fontconfig/3047814df9a2f067bd2d96a2b9c36e5a-le64.cache-4
7f9e0c057000-7f9e0c05d000 r--s 00000000 08:07 573718                     /var/cache/fontconfig/b47c4e1ecd0709278f4910c18777a504-le64.cache-4
7f9e0c05d000-7f9e0c070000 r--s 00000000 08:07 573680                     /var/cache/fontconfig/d52a8644073d54c13679302ca1180695-le64.cache-4
7f9e0c070000-7f9e0c079000 r--s 00000000 08:07 576179                     /var/cache/fontconfig/3f7329c5293ffd510edef78f73874cfd-le64.cache-4
7f9e0c079000-7f9e0c084000 r--s 00000000 08:07 575289                     /var/cache/fontconfig/d589a48862398ed80a3d6066f4f56f4c-le64.cache-4
7f9e0c084000-7f9e0c08d000 r--s 00000000 08:07 577179                     /var/cache/fontconfig/d0972c3d32f097851eb916381fc38920-le64.cache-4
7f9e0c08d000-7f9e0c0a9000 r--s 00393000 08:07 469435                     /usr/lib/jvm/java-8-oracle/jre/lib/ext/cldrdata.jar
7f9e0c0a9000-7f9e0c0d4000 r--s 00273000 08:07 3630321                    /home/praveen/JADE-all-4.3.3/jade/lib/jade.jar
7f9e0c0d4000-7f9e0c3d7000 rw-p 00000000 00:00 0 
7f9e0c3d7000-7f9e0c5af000 r--s 03d09000 08:07 469472                     /usr/lib/jvm/java-8-oracle/jre/lib/rt.jar
7f9e0c5af000-7f9e0d102000 rw-p 00000000 00:00 0 
7f9e0d102000-7f9e0d103000 ---p 00000000 00:00 0 
7f9e0d103000-7f9e0d203000 rw-p 00000000 00:00 0                          [stack:3162]
7f9e0d203000-7f9e0d204000 ---p 00000000 00:00 0 
7f9e0d204000-7f9e0d304000 rw-p 00000000 00:00 0                          [stack:3161]
7f9e0d304000-7f9e0d305000 ---p 00000000 00:00 0 
7f9e0d305000-7f9e0d405000 rw-p 00000000 00:00 0                          [stack:3160]
7f9e0d405000-7f9e0d406000 ---p 00000000 00:00 0 
7f9e0d406000-7f9e0d525000 rw-p 00000000 00:00 0                          [stack:3159]
7f9e0d525000-7f9e0d6ef000 ---p 00000000 00:00 0 
7f9e0d6ef000-7f9e0d70e000 rw-p 00000000 00:00 0 
7f9e0d70e000-7f9e0d8d7000 ---p 00000000 00:00 0 
7f9e0d8d7000-7f9e0d8e7000 rw-p 00000000 00:00 0 
7f9e0d8e7000-7f9e0d9cc000 ---p 00000000 00:00 0 
7f9e0d9cc000-7f9e0d9e8000 rw-p 00000000 00:00 0 
7f9e0d9e8000-7f9e0dd8d000 ---p 00000000 00:00 0 
7f9e0dd8d000-7f9e0dda7000 r-xp 00000000 08:07 469511                     /usr/lib/jvm/java-8-oracle/jre/lib/amd64/libzip.so
7f9e0dda7000-7f9e0dfa7000 ---p 0001a000 08:07 469511                     /usr/lib/jvm/java-8-oracle/jre/lib/amd64/libzip.so
7f9e0dfa7000-7f9e0dfa8000 rw-p 0001a000 08:07 469511                     /usr/lib/jvm/java-8-oracle/jre/lib/amd64/libzip.so
7f9e0dfa8000-7f9e0dfb3000 r-xp 00000000 08:07 172700                     /lib/x86_64-linux-gnu/libnss_files-2.19.so
7f9e0dfb3000-7f9e0e1b2000 ---p 0000b000 08:07 172700                     /lib/x86_64-linux-gnu/libnss_files-2.19.so
7f9e0e1b2000-7f9e0e1b3000 r--p 0000a000 08:07 172700                     /lib/x86_64-linux-gnu/libnss_files-2.19.so
7f9e0e1b3000-7f9e0e1b4000 rw-p 0000b000 08:07 172700                     /lib/x86_64-linux-gnu/libnss_files-2.19.so
7f9e0e1b4000-7f9e0e1bf000 r-xp 00000000 08:07 172722                     /lib/x86_64-linux-gnu/libnss_nis-2.19.so
7f9e0e1bf000-7f9e0e3be000 ---p 0000b000 08:07 172722                     /lib/x86_64-linux-gnu/libnss_nis-2.19.so
7f9e0e3be000-7f9e0e3bf000 r--p 0000a000 08:07 172722                     /lib/x86_64-linux-gnu/libnss_nis-2.19.so
7f9e0e3bf000-7f9e0e3c0000 rw-p 0000b000 08:07 172722                     /lib/x86_64-linux-gnu/libnss_nis-2.19.so
7f9e0e3c0000-7f9e0e3d7000 r-xp 00000000 08:07 172709                     /lib/x86_64-linux-gnu/libnsl-2.19.so
7f9e0e3d7000-7f9e0e5d6000 ---p 00017000 08:07 172709                     /lib/x86_64-linux-gnu/libnsl-2.19.so
7f9e0e5d6000-7f9e0e5d7000 r--p 00016000 08:07 172709                     /lib/x86_64-linux-gnu/libnsl-2.19.so
7f9e0e5d7000-7f9e0e5d8000 rw-p 00017000 08:07 172709                     /lib/x86_64-linux-gnu/libnsl-2.19.so
7f9e0e5d8000-7f9e0e5da000 rw-p 00000000 00:00 0 
7f9e0e5da000-7f9e0e5e3000 r-xp 00000000 08:07 172708                     /lib/x86_64-linux-gnu/libnss_compat-2.19.so
7f9e0e5e3000-7f9e0e7e2000 ---p 00009000 08:07 172708                     /lib/x86_64-linux-gnu/libnss_compat-2.19.so
7f9e0e7e2000-7f9e0e7e3000 r--p 00008000 08:07 172708                     /lib/x86_64-linux-gnu/libnss_compat-2.19.so
7f9e0e7e3000-7f9e0e7e4000 rw-p 00009000 08:07 172708                     /lib/x86_64-linux-gnu/libnss_compat-2.19.so
7f9e0e7e4000-7f9e0e7ee000 r-xp 00000000 08:07 469493                     /usr/lib/jvm/java-8-oracle/jre/lib/amd64/libinstrument.so
7f9e0e7ee000-7f9e0e9ed000 ---p 0000a000 08:07 469493                     /usr/lib/jvm/java-8-oracle/jre/lib/amd64/libinstrument.so
7f9e0e9ed000-7f9e0e9ee000 rw-p 00009000 08:07 469493                     /usr/lib/jvm/java-8-oracle/jre/lib/amd64/libinstrument.so
7f9e0e9ee000-7f9e0ea18000 r-xp 00000000 08:07 469541                     /usr/lib/jvm/java-8-oracle/jre/lib/amd64/libjava.so
7f9e0ea18000-7f9e0ec18000 ---p 0002a000 08:07 469541                     /usr/lib/jvm/java-8-oracle/jre/lib/amd64/libjava.so
7f9e0ec18000-7f9e0ec1a000 rw-p 0002a000 08:07 469541                     /usr/lib/jvm/java-8-oracle/jre/lib/amd64/libjava.so
7f9e0ec1a000-7f9e0ec27000 r-xp 00000000 08:07 469490                     /usr/lib/jvm/java-8-oracle/jre/lib/amd64/libverify.so
7f9e0ec27000-7f9e0ee27000 ---p 0000d000 08:07 469490                     /usr/lib/jvm/java-8-oracle/jre/lib/amd64/libverify.so
7f9e0ee27000-7f9e0ee29000 rw-p 0000d000 08:07 469490                     /usr/lib/jvm/java-8-oracle/jre/lib/amd64/libverify.so
7f9e0ee29000-7f9e0ee30000 r-xp 00000000 08:07 172717                     /lib/x86_64-linux-gnu/librt-2.19.so
7f9e0ee30000-7f9e0f02f000 ---p 00007000 08:07 172717                     /lib/x86_64-linux-gnu/librt-2.19.so
7f9e0f02f000-7f9e0f030000 r--p 00006000 08:07 172717                     /lib/x86_64-linux-gnu/librt-2.19.so
7f9e0f030000-7f9e0f031000 rw-p 00007000 08:07 172717                     /lib/x86_64-linux-gnu/librt-2.19.so
7f9e0f031000-7f9e0f136000 r-xp 00000000 08:07 172699                     /lib/x86_64-linux-gnu/libm-2.19.so
7f9e0f136000-7f9e0f335000 ---p 00105000 08:07 172699                     /lib/x86_64-linux-gnu/libm-2.19.so
7f9e0f335000-7f9e0f336000 r--p 00104000 08:07 172699                     /lib/x86_64-linux-gnu/libm-2.19.so
7f9e0f336000-7f9e0f337000 rw-p 00105000 08:07 172699                     /lib/x86_64-linux-gnu/libm-2.19.so
7f9e0f337000-7f9e0ffe5000 r-xp 00000000 08:07 477603                     /usr/lib/jvm/java-8-oracle/jre/lib/amd64/server/libjvm.so
7f9e0ffe5000-7f9e101e4000 ---p 00cae000 08:07 477603                     /usr/lib/jvm/java-8-oracle/jre/lib/amd64/server/libjvm.so
7f9e101e4000-7f9e102bb000 rw-p 00cad000 08:07 477603                     /usr/lib/jvm/java-8-oracle/jre/lib/amd64/server/libjvm.so
7f9e102bb000-7f9e102ff000 rw-p 00000000 00:00 0 
7f9e102ff000-7f9e104ba000 r-xp 00000000 08:07 172714                     /lib/x86_64-linux-gnu/libc-2.19.so
7f9e104ba000-7f9e106b9000 ---p 001bb000 08:07 172714                     /lib/x86_64-linux-gnu/libc-2.19.so
7f9e106b9000-7f9e106bd000 r--p 001ba000 08:07 172714                     /lib/x86_64-linux-gnu/libc-2.19.so
7f9e106bd000-7f9e106bf000 rw-p 001be000 08:07 172714                     /lib/x86_64-linux-gnu/libc-2.19.so
7f9e106bf000-7f9e106c4000 rw-p 00000000 00:00 0 
7f9e106c4000-7f9e106c7000 r-xp 00000000 08:07 172703                     /lib/x86_64-linux-gnu/libdl-2.19.so
7f9e106c7000-7f9e108c6000 ---p 00003000 08:07 172703                     /lib/x86_64-linux-gnu/libdl-2.19.so
7f9e108c6000-7f9e108c7000 r--p 00002000 08:07 172703                     /lib/x86_64-linux-gnu/libdl-2.19.so
7f9e108c7000-7f9e108c8000 rw-p 00003000 08:07 172703                     /lib/x86_64-linux-gnu/libdl-2.19.so
7f9e108c8000-7f9e108dd000 r-xp 00000000 08:07 387698                     /usr/lib/jvm/java-8-oracle/lib/amd64/jli/libjli.so
7f9e108dd000-7f9e10add000 ---p 00015000 08:07 387698                     /usr/lib/jvm/java-8-oracle/lib/amd64/jli/libjli.so
7f9e10add000-7f9e10ade000 rw-p 00015000 08:07 387698                     /usr/lib/jvm/java-8-oracle/lib/amd64/jli/libjli.so
7f9e10ade000-7f9e10af7000 r-xp 00000000 08:07 172715                     /lib/x86_64-linux-gnu/libpthread-2.19.so
7f9e10af7000-7f9e10cf6000 ---p 00019000 08:07 172715                     /lib/x86_64-linux-gnu/libpthread-2.19.so
7f9e10cf6000-7f9e10cf7000 r--p 00018000 08:07 172715                     /lib/x86_64-linux-gnu/libpthread-2.19.so
7f9e10cf7000-7f9e10cf8000 rw-p 00019000 08:07 172715                     /lib/x86_64-linux-gnu/libpthread-2.19.so
7f9e10cf8000-7f9e10cfc000 rw-p 00000000 00:00 0 
7f9e10cfc000-7f9e10d1f000 r-xp 00000000 08:07 172711                     /lib/x86_64-linux-gnu/ld-2.19.so
7f9e10d1f000-7f9e10d20000 r--s 00000000 08:07 573804                     /var/cache/fontconfig/56cf4f4769d0f4abc89a4895d7bd3ae1-le64.cache-4
7f9e10d20000-7f9e10d21000 r--s 00000000 08:07 573803                     /var/cache/fontconfig/b9d506c9ac06c20b433354fa67a72993-le64.cache-4
7f9e10d21000-7f9e10d22000 r--s 00000000 08:07 573675                     /var/cache/fontconfig/0c9eb80ebd1c36541ebe2852d3bb0c49-le64.cache-4
7f9e10d22000-7f9e10d2f000 r--s 00000000 08:07 579157                     /var/cache/fontconfig/e13b20fdb08344e0e664864cc2ede53d-le64.cache-4
7f9e10d2f000-7f9e10d33000 r--s 00000000 08:07 578406                     /var/cache/fontconfig/7ef2298fde41cc6eeb7af42e48b7d293-le64.cache-4
7f9e10d33000-7f9e10dfa000 rw-p 00000000 00:00 0 
7f9e10dfa000-7f9e10dfd000 ---p 00000000 00:00 0 
7f9e10dfd000-7f9e10eff000 rw-p 00000000 00:00 0                          [stack:3158]
7f9e10eff000-7f9e10f04000 r--s 002f8000 08:07 469557                     /usr/lib/jvm/java-8-oracle/jre/lib/charsets.jar
7f9e10f04000-7f9e10f06000 r--s 00006000 08:07 1489034                    /usr/share/java/jayatana.jar
7f9e10f06000-7f9e10f11000 r--s 00116000 08:07 469440                     /usr/lib/jvm/java-8-oracle/jre/lib/ext/localedata.jar
7f9e10f11000-7f9e10f12000 r--s 00000000 08:07 1488587                    /usr/share/java/jayatanaag.jar
7f9e10f12000-7f9e10f1a000 rw-s 00000000 08:07 2039343                    /tmp/hsperfdata_praveen/3153
7f9e10f1a000-7f9e10f1b000 rw-p 00000000 00:00 0 
7f9e10f1b000-7f9e10f1c000 r--p 00000000 00:00 0 
7f9e10f1c000-7f9e10f1e000 rw-p 00000000 00:00 0 
7f9e10f1e000-7f9e10f1f000 r--p 00022000 08:07 172711                     /lib/x86_64-linux-gnu/ld-2.19.so
7f9e10f1f000-7f9e10f20000 rw-p 00023000 08:07 172711                     /lib/x86_64-linux-gnu/ld-2.19.so
7f9e10f20000-7f9e10f21000 rw-p 00000000 00:00 0 
7fff9e041000-7fff9e062000 rw-p 00000000 00:00 0                          [stack]
7fff9e0c2000-7fff9e0c4000 r-xp 00000000 00:00 0                          [vdso]
ffffffffff600000-ffffffffff601000 r-xp 00000000 00:00 0                  [vsyscall]

VM Arguments:
jvm_args: -javaagent:/usr/share/java/jayatanaag.jar -Dfile.encoding=UTF-8 
java_command: jade.Boot -gui
java_class_path (initial): /home/praveen/java_programs/Smoking_problem/bin:/home/praveen/JADE-all-4.3.3/jade/lib/jade.jar:/usr/share/java/jayatanaag.jar
Launcher Type: SUN_STANDARD

Environment Variables:
JAVA_HOME=/usr/lib/jvm/java-8-oracle
JAVA_TOOL_OPTIONS=-javaagent:/usr/share/java/jayatanaag.jar 
PATH=/home/praveen/android/sdk/tools:/home/praveen/android/sdk/platform-tools:/usr/local/sbin:/usr/local/bin:/usr/sbin:/usr/bin:/sbin:/bin:/usr/games:/usr/local/games:/usr/lib/jvm/java-8-oracle/bin:/usr/lib/jvm/java-8-oracle/db/bin:/usr/lib/jvm/java-8-oracle/jre/bin
SHELL=/bin/bash
DISPLAY=:0

Signal Handlers:
SIGSEGV: [libjvm.so+0xaad2e0], sa_mask[0]=11111111011111111101111111111110, sa_flags=SA_RESTART|SA_SIGINFO
SIGBUS: [libjvm.so+0xaad2e0], sa_mask[0]=11111111011111111101111111111110, sa_flags=SA_RESTART|SA_SIGINFO
SIGFPE: [libjvm.so+0x90b550], sa_mask[0]=11111111011111111101111111111110, sa_flags=SA_RESTART|SA_SIGINFO
SIGPIPE: SIG_IGN, sa_mask[0]=00000000000010000000000000000000, sa_flags=SA_RESTART
SIGXFSZ: [libjvm.so+0x90b550], sa_mask[0]=11111111011111111101111111111110, sa_flags=SA_RESTART|SA_SIGINFO
SIGILL: [libjvm.so+0x90b550], sa_mask[0]=11111111011111111101111111111110, sa_flags=SA_RESTART|SA_SIGINFO
SIGUSR1: SIG_DFL, sa_mask[0]=00000000000000000000000000000000, sa_flags=none
SIGUSR2: [libjvm.so+0x90cb90], sa_mask[0]=00100000000000000000000000000000, sa_flags=SA_RESTART|SA_SIGINFO
SIGHUP: [libjvm.so+0x90dee0], sa_mask[0]=11111111011111111101111111111110, sa_flags=SA_RESTART|SA_SIGINFO
SIGINT: [libjvm.so+0x90dee0], sa_mask[0]=11111111011111111101111111111110, sa_flags=SA_RESTART|SA_SIGINFO
SIGTERM: [libjvm.so+0x90dee0], sa_mask[0]=11111111011111111101111111111110, sa_flags=SA_RESTART|SA_SIGINFO
SIGQUIT: [libjvm.so+0x90dee0], sa_mask[0]=11111111011111111101111111111110, sa_flags=SA_RESTART|SA_SIGINFO


---------------  S Y S T E M  ---------------

OS:DISTRIB_ID=Ubuntu
DISTRIB_RELEASE=14.04
DISTRIB_CODENAME=trusty
DISTRIB_DESCRIPTION="Ubuntu 14.04.2 LTS"

uname:Linux 3.13.0-46-generic #79-Ubuntu SMP Tue Mar 10 20:06:50 UTC 2015 x86_64
libc:glibc 2.19 NPTL 2.19 
rlimit: STACK 8192k, CORE 0k, NPROC 46305, NOFILE 4096, AS infinity
load average:0.32 0.77 0.43

/proc/meminfo:
MemTotal:        6002080 kB
MemFree:         3857932 kB
Buffers:          141836 kB
Cached:           824152 kB
SwapCached:            0 kB
Active:          1201872 kB
Inactive:         734460 kB
Active(anon):     972036 kB
Inactive(anon):   175448 kB
Active(file):     229836 kB
Inactive(file):   559012 kB
Unevictable:          84 kB
Mlocked:              84 kB
SwapTotal:        409596 kB
SwapFree:         409596 kB
Dirty:                92 kB
Writeback:             0 kB
AnonPages:        970328 kB
Mapped:           238476 kB
Shmem:            177144 kB
Slab:              92508 kB
SReclaimable:      59996 kB
SUnreclaim:        32512 kB
KernelStack:        4728 kB
PageTables:        38076 kB
NFS_Unstable:          0 kB
Bounce:                0 kB
WritebackTmp:          0 kB
CommitLimit:     3410636 kB
Committed_AS:    4659808 kB
VmallocTotal:   34359738367 kB
VmallocUsed:      355300 kB
VmallocChunk:   34359374556 kB
HardwareCorrupted:     0 kB
AnonHugePages:    231424 kB
HugePages_Total:       0
HugePages_Free:        0
HugePages_Rsvd:        0
HugePages_Surp:        0
Hugepagesize:       2048 kB
DirectMap4k:       60156 kB
DirectMap2M:     6121472 kB


CPU:total 4 (2 cores per cpu, 2 threads per core) family 6 model 58 stepping 9, cmov, cx8, fxsr, mmx, sse, sse2, sse3, ssse3, sse4.1, sse4.2, popcnt, avx, aes, clmul, erms, ht, tsc, tscinvbit, tscinv

/proc/cpuinfo:
processor	: 0
vendor_id	: GenuineIntel
cpu family	: 6
model		: 58
model name	: Intel(R) Core(TM) i5-3317U CPU @ 1.70GHz
stepping	: 9
microcode	: 0x15
cpu MHz		: 1600.000
cache size	: 3072 KB
physical id	: 0
siblings	: 4
core id		: 0
cpu cores	: 2
apicid		: 0
initial apicid	: 0
fpu		: yes
fpu_exception	: yes
cpuid level	: 13
wp		: yes
flags		: fpu vme de pse tsc msr pae mce cx8 apic sep mtrr pge mca cmov pat pse36 clflush dts acpi mmx fxsr sse sse2 ss ht tm pbe syscall nx rdtscp lm constant_tsc arch_perfmon pebs bts rep_good nopl xtopology nonstop_tsc aperfmperf eagerfpu pni pclmulqdq dtes64 monitor ds_cpl vmx est tm2 ssse3 cx16 xtpr pdcm pcid sse4_1 sse4_2 x2apic popcnt tsc_deadline_timer aes xsave avx f16c rdrand lahf_lm ida arat epb xsaveopt pln pts dtherm tpr_shadow vnmi flexpriority ept vpid fsgsbase smep erms
bogomips	: 3392.66
clflush size	: 64
cache_alignment	: 64
address sizes	: 36 bits physical, 48 bits virtual
power management:

processor	: 1
vendor_id	: GenuineIntel
cpu family	: 6
model		: 58
model name	: Intel(R) Core(TM) i5-3317U CPU @ 1.70GHz
stepping	: 9
microcode	: 0x15
cpu MHz		: 1701.000
cache size	: 3072 KB
physical id	: 0
siblings	: 4
core id		: 0
cpu cores	: 2
apicid		: 1
initial apicid	: 1
fpu		: yes
fpu_exception	: yes
cpuid level	: 13
wp		: yes
flags		: fpu vme de pse tsc msr pae mce cx8 apic sep mtrr pge mca cmov pat pse36 clflush dts acpi mmx fxsr sse sse2 ss ht tm pbe syscall nx rdtscp lm constant_tsc arch_perfmon pebs bts rep_good nopl xtopology nonstop_tsc aperfmperf eagerfpu pni pclmulqdq dtes64 monitor ds_cpl vmx est tm2 ssse3 cx16 xtpr pdcm pcid sse4_1 sse4_2 x2apic popcnt tsc_deadline_timer aes xsave avx f16c rdrand lahf_lm ida arat epb xsaveopt pln pts dtherm tpr_shadow vnmi flexpriority ept vpid fsgsbase smep erms
bogomips	: 3392.66
clflush size	: 64
cache_alignment	: 64
address sizes	: 36 bits physical, 48 bits virtual
power management:

processor	: 2
vendor_id	: GenuineIntel
cpu family	: 6
model		: 58
model name	: Intel(R) Core(TM) i5-3317U CPU @ 1.70GHz
stepping	: 9
microcode	: 0x15
cpu MHz		: 1701.000
cache size	: 3072 KB
physical id	: 0
siblings	: 4
core id		: 1
cpu cores	: 2
apicid		: 2
initial apicid	: 2
fpu		: yes
fpu_exception	: yes
cpuid level	: 13
wp		: yes
flags		: fpu vme de pse tsc msr pae mce cx8 apic sep mtrr pge mca cmov pat pse36 clflush dts acpi mmx fxsr sse sse2 ss ht tm pbe syscall nx rdtscp lm constant_tsc arch_perfmon pebs bts rep_good nopl xtopology nonstop_tsc aperfmperf eagerfpu pni pclmulqdq dtes64 monitor ds_cpl vmx est tm2 ssse3 cx16 xtpr pdcm pcid sse4_1 sse4_2 x2apic popcnt tsc_deadline_timer aes xsave avx f16c rdrand lahf_lm ida arat epb xsaveopt pln pts dtherm tpr_shadow vnmi flexpriority ept vpid fsgsbase smep erms
bogomips	: 3392.66
clflush size	: 64
cache_alignment	: 64
address sizes	: 36 bits physical, 48 bits virtual
power management:

processor	: 3
vendor_id	: GenuineIntel
cpu family	: 6
model		: 58
model name	: Intel(R) Core(TM) i5-3317U CPU @ 1.70GHz
stepping	: 9
microcode	: 0x15
cpu MHz		: 782.000
cache size	: 3072 KB
physical id	: 0
siblings	: 4
core id		: 1
cpu cores	: 2
apicid		: 3
initial apicid	: 3
fpu		: yes
fpu_exception	: yes
cpuid level	: 13
wp		: yes
flags		: fpu vme de pse tsc msr pae mce cx8 apic sep mtrr pge mca cmov pat pse36 clflush dts acpi mmx fxsr sse sse2 ss ht tm pbe syscall nx rdtscp lm constant_tsc arch_perfmon pebs bts rep_good nopl xtopology nonstop_tsc aperfmperf eagerfpu pni pclmulqdq dtes64 monitor ds_cpl vmx est tm2 ssse3 cx16 xtpr pdcm pcid sse4_1 sse4_2 x2apic popcnt tsc_deadline_timer aes xsave avx f16c rdrand lahf_lm ida arat epb xsaveopt pln pts dtherm tpr_shadow vnmi flexpriority ept vpid fsgsbase smep erms
bogomips	: 3392.66
clflush size	: 64
cache_alignment	: 64
address sizes	: 36 bits physical, 48 bits virtual
power management:



Memory: 4k page, physical 6002080k(3857932k free), swap 409596k(409596k free)

vm_info: Java HotSpot(TM) 64-Bit Server VM (25.40-b25) for linux-amd64 JRE (1.8.0_40-b25), built on Feb 10 2015 21:29:53 by "java_re" with gcc 4.3.0 20080428 (Red Hat 4.3.0-8)

time: Sun Apr 19 10:13:08 2015
elapsed time: 85 seconds (0d 0h 1m 25s)

